<?xml version="1.0" encoding="UTF-8"?>
<!-- Generated by org.testng.reporters.JUnitXMLReporter -->
<testsuite ignored="0" hostname="LAPTOP-HBE0DJ0G" failures="0" tests="6" name="chrome" time="0.434" errors="0" timestamp="2023-03-26T21:02:20 IST">
  <testcase classname="testPackage.TestClassTNG1" name="test1" time="0.032"/>
  <testcase classname="testPackage.TestClassTNG1" name="test2" time="0.003"/>
  <testcase classname="testPackage.TestClassTNG1" name="test3" time="0.005"/>
  <testcase classname="testPackage.TestClassTNG2" name="test1" time="0.004"/>
  <testcase classname="testPackage.TestClassTNG2" name="test2" time="0.007"/>
  <testcase classname="testPackage.TestClassTNG2" name="test3" time="0.002"/>
</testsuite> <!-- chrome -->
